<?xml version="1.0" encoding="UTF-8"?>
<!-- Generated by org.testng.reporters.JUnitXMLReporter -->
<testsuite hostname="DESKTOP-CFCNF77" name="Test" tests="7" failures="0" timestamp="8 Oct 2019 13:39:30 GMT" time="0.078" errors="0">
  <testcase name="AfterSuiteValidation" time="0.009" classname="test.day2"/>
  <testcase name="firstTestMethod" time="0.013" classname="test.day1"/>
  <testcase name="secondTestMethod" time="0.003" classname="test.day1"/>
  <testcase name="BeforeSuiteValidation" time="0.003" classname="test.day2"/>
  <testcase name="firstTestMethodDay2" time="0.002" classname="test.day2"/>
  <testcase name="secondTestMethodDay2" time="0.001" classname="test.day2"/>
  <testcase name="verifyParameterization" time="0.002" classname="test.day1"/>
</testsuite> <!-- Test -->
