<?xml version="1.0" encoding="UTF-8"?>
<testng-results skipped="0" failed="0" total="3" passed="3">
  <reporter-output>
  </reporter-output>
  <suite name="Default suite" duration-ms="626" started-at="2019-10-08T13:15:14Z" finished-at="2019-10-08T13:15:15Z">
    <groups>
    </groups>
    <test name="Default test" duration-ms="626" started-at="2019-10-08T13:15:14Z" finished-at="2019-10-08T13:15:15Z">
      <class name="excelReader.excelReader.excelDataProvider">
        <test-method status="PASS" signature="readingExcelData(java.lang.Integer, java.lang.String, java.lang.String, java.lang.Integer)[pri:0, instance:excelReader.excelReader.excelDataProvider@5f375618]" name="readingExcelData" duration-ms="15" started-at="2019-10-08T18:45:15Z" data-provider="dataProviderMethod" finished-at="2019-10-08T18:45:15Z">
          <params>
            <param index="0">
              <value>
                <![CDATA[389524]]>
              </value>
            </param>
            <param index="1">
              <value>
                <![CDATA[Deepak]]>
              </value>
            </param>
            <param index="2">
              <value>
                <![CDATA[Java]]>
              </value>
            </param>
            <param index="3">
              <value>
                <![CDATA[32]]>
              </value>
            </param>
          </params>
          <reporter-output>
          </reporter-output>
        </test-method> <!-- readingExcelData -->
        <test-method status="PASS" signature="readingExcelData(java.lang.Integer, java.lang.String, java.lang.String, java.lang.Integer)[pri:0, instance:excelReader.excelReader.excelDataProvider@5f375618]" name="readingExcelData" duration-ms="4" started-at="2019-10-08T18:45:15Z" data-provider="dataProviderMethod" finished-at="2019-10-08T18:45:15Z">
          <params>
            <param index="0">
              <value>
                <![CDATA[326112]]>
              </value>
            </param>
            <param index="1">
              <value>
                <![CDATA[Vinithra]]>
              </value>
            </param>
            <param index="2">
              <value>
                <![CDATA[C++]]>
              </value>
            </param>
            <param index="3">
              <value>
                <![CDATA[33]]>
              </value>
            </param>
          </params>
          <reporter-output>
          </reporter-output>
        </test-method> <!-- readingExcelData -->
        <test-method status="PASS" signature="readingExcelData(java.lang.Integer, java.lang.String, java.lang.String, java.lang.Integer)[pri:0, instance:excelReader.excelReader.excelDataProvider@5f375618]" name="readingExcelData" duration-ms="8" started-at="2019-10-08T18:45:15Z" data-provider="dataProviderMethod" finished-at="2019-10-08T18:45:15Z">
          <params>
            <param index="0">
              <value>
                <![CDATA[389299]]>
              </value>
            </param>
            <param index="1">
              <value>
                <![CDATA[Nagesh]]>
              </value>
            </param>
            <param index="2">
              <value>
                <![CDATA[C#]]>
              </value>
            </param>
            <param index="3">
              <value>
                <![CDATA[32]]>
              </value>
            </param>
          </params>
          <reporter-output>
          </reporter-output>
        </test-method> <!-- readingExcelData -->
      </class> <!-- excelReader.excelReader.excelDataProvider -->
    </test> <!-- Default test -->
  </suite> <!-- Default suite -->
</testng-results>
