<?xml version="1.0" encoding="UTF-8"?>
<!-- Generated by org.testng.reporters.JUnitXMLReporter -->
<testsuite hostname="DESKTOP-CFCNF77" name="Test" tests="6" failures="0" timestamp="13 Oct 2019 12:38:45 GMT" time="0.087" errors="0">
  <testcase name="RestAssuredTest1" time="0.017" classname="excelReader.excelReader.RestAssuredTest"/>
  <testcase name="SeleniumTest2" time="0.0" classname="excelReader.excelReader.RestAssuredTest"/>
  <testcase name="mobileAutomation" time="0.0" classname="excelReader.excelReader.AppiumTest"/>
  <testcase name="mobileAutomation2" time="0.0" classname="excelReader.excelReader.AppiumTest"/>
  <testcase name="SeleniumTest1" time="0.0" classname="excelReader.excelReader.SeleniumTest"/>
  <testcase name="SeleniumTest2" time="0.0" classname="excelReader.excelReader.SeleniumTest"/>
</testsuite> <!-- Test -->
