<?xml version="1.0" encoding="UTF-8"?>
<testsuite xmlns:xsi="http://www.w3.org/2001/XMLSchema-instance" xsi:noNamespaceSchemaLocation="https://maven.apache.org/surefire/maven-surefire-plugin/xsd/surefire-test-report-3.0.xsd" version="3.0" name="TestSuite" time="1.727" tests="6" errors="0" skipped="0" failures="0">
  <properties>
[...]
</properties>
  <testcase name="RestAssuredTest1" classname="excelReader.excelReader.RestAssuredTest" time="0.028"/>
  <testcase name="SeleniumTest2" classname="excelReader.excelReader.RestAssuredTest" time="0.001"/>
  <testcase name="mobileAutomation" classname="excelReader.excelReader.AppiumTest" time="0.002"/>
  <testcase name="mobileAutomation2" classname="excelReader.excelReader.AppiumTest" time="0.003"/>
  <testcase name="SeleniumTest1" classname="excelReader.excelReader.SeleniumTest" time="0.001"/>
  <testcase name="SeleniumTest2" classname="excelReader.excelReader.SeleniumTest" time="0.006"/>
</testsuite>