<?xml version="1.0" encoding="UTF-8"?>
<testng-results skipped="0" failed="0" total="6" passed="6">
  <reporter-output>
  </reporter-output>
  <suite name="Suite" duration-ms="87" started-at="2019-10-13T12:38:44Z" finished-at="2019-10-13T12:38:45Z">
    <groups>
    </groups>
    <test name="Test" duration-ms="87" started-at="2019-10-13T12:38:44Z" finished-at="2019-10-13T12:38:45Z">
      <class name="excelReader.excelReader.AppiumTest">
        <test-method status="PASS" signature="mobileAutomation()[pri:0, instance:excelReader.excelReader.AppiumTest@6108b2d7]" name="mobileAutomation" duration-ms="0" started-at="2019-10-13T18:08:45Z" finished-at="2019-10-13T18:08:45Z">
          <reporter-output>
          </reporter-output>
        </test-method> <!-- mobileAutomation -->
        <test-method status="PASS" signature="mobileAutomation2()[pri:0, instance:excelReader.excelReader.AppiumTest@6108b2d7]" name="mobileAutomation2" duration-ms="0" started-at="2019-10-13T18:08:45Z" finished-at="2019-10-13T18:08:45Z">
          <reporter-output>
          </reporter-output>
        </test-method> <!-- mobileAutomation2 -->
      </class> <!-- excelReader.excelReader.AppiumTest -->
      <class name="excelReader.excelReader.RestAssuredTest">
        <test-method status="PASS" signature="RestAssuredTest1()[pri:0, instance:excelReader.excelReader.RestAssuredTest@edf4efb]" name="RestAssuredTest1" duration-ms="17" started-at="2019-10-13T18:08:44Z" finished-at="2019-10-13T18:08:45Z">
          <reporter-output>
          </reporter-output>
        </test-method> <!-- RestAssuredTest1 -->
        <test-method status="PASS" signature="SeleniumTest2()[pri:0, instance:excelReader.excelReader.RestAssuredTest@edf4efb]" name="SeleniumTest2" duration-ms="0" started-at="2019-10-13T18:08:45Z" finished-at="2019-10-13T18:08:45Z">
          <reporter-output>
          </reporter-output>
        </test-method> <!-- SeleniumTest2 -->
      </class> <!-- excelReader.excelReader.RestAssuredTest -->
      <class name="excelReader.excelReader.SeleniumTest">
        <test-method status="PASS" signature="SeleniumTest1()[pri:0, instance:excelReader.excelReader.SeleniumTest@1554909b]" name="SeleniumTest1" duration-ms="0" started-at="2019-10-13T18:08:45Z" finished-at="2019-10-13T18:08:45Z">
          <reporter-output>
          </reporter-output>
        </test-method> <!-- SeleniumTest1 -->
        <test-method status="PASS" signature="SeleniumTest2()[pri:0, instance:excelReader.excelReader.SeleniumTest@1554909b]" name="SeleniumTest2" duration-ms="0" started-at="2019-10-13T18:08:45Z" finished-at="2019-10-13T18:08:45Z">
          <reporter-output>
          </reporter-output>
        </test-method> <!-- SeleniumTest2 -->
      </class> <!-- excelReader.excelReader.SeleniumTest -->
    </test> <!-- Test -->
  </suite> <!-- Suite -->
</testng-results>
