<?xml version="1.0" encoding="UTF-8"?>
<!-- Generated by org.testng.reporters.JUnitXMLReporter -->
<testsuite hostname="DESKTOP-CFCNF77" name="Default test" tests="3" failures="0" timestamp="8 Oct 2019 13:15:15 GMT" time="0.626" errors="0">
  <testcase name="readingExcelData" time="0.015" classname="excelReader.excelReader.excelDataProvider"/>
  <testcase name="readingExcelData" time="0.004" classname="excelReader.excelReader.excelDataProvider"/>
  <testcase name="readingExcelData" time="0.008" classname="excelReader.excelReader.excelDataProvider"/>
</testsuite> <!-- Default test -->
